<?xml version="1.0" encoding="UTF-8"?>
<!-- Generated by org.testng.reporters.JUnitReportReporter -->
<testsuite hostname="LTIN273654" failures="0" tests="7" name="testCases.TestCases" time="-1709271680.000" errors="1" timestamp="2024-03-01T11:10:15 IST" skipped="6">
  <testcase classname="testCases.TestCases" name="closeWelcomePopUp" time="0.000">
    <skipped/>
  </testcase> <!-- closeWelcomePopUp -->
  <system-out/>
  <testcase classname="testCases.TestCases" name="openUrl" time="-1709271680.000">
    <error message="
Parameter &#039;os&#039; is required by BeforeClass on method openUrl but has not been marked @Optional or defined
" type="org.testng.TestNGException">
      <![CDATA[org.testng.TestNGException: 
Parameter 'os' is required by BeforeClass on method openUrl but has not been marked @Optional or defined

at org.testng.internal.Parameters.createParams(Parameters.java:267)
at org.testng.internal.Parameters.createParametersForMethod(Parameters.java:355)
at org.testng.internal.Parameters.createParameters(Parameters.java:660)
at org.testng.internal.Parameters.createConfigurationParameters(Parameters.java:166)
at org.testng.internal.invokers.ConfigInvoker.invokeConfigurations(ConfigInvoker.java:300)
at org.testng.internal.invokers.TestMethodWorker.invokeBeforeClassMethods(TestMethodWorker.java:178)
at org.testng.internal.invokers.TestMethodWorker.run(TestMethodWorker.java:122)
at java.base/java.util.ArrayList.forEach(ArrayList.java:1507)
at org.testng.TestRunner.privateRun(TestRunner.java:808)
at org.testng.TestRunner.run(TestRunner.java:603)
at org.testng.SuiteRunner.runTest(SuiteRunner.java:429)
at org.testng.SuiteRunner.runSequentially(SuiteRunner.java:423)
at org.testng.SuiteRunner.privateRun(SuiteRunner.java:383)
at org.testng.SuiteRunner.run(SuiteRunner.java:326)
at org.testng.SuiteRunnerWorker.runSuite(SuiteRunnerWorker.java:52)
at org.testng.SuiteRunnerWorker.run(SuiteRunnerWorker.java:95)
at org.testng.TestNG.runSuitesSequentially(TestNG.java:1249)
at org.testng.TestNG.runSuitesLocally(TestNG.java:1169)
at org.testng.TestNG.runSuites(TestNG.java:1092)
at org.testng.TestNG.run(TestNG.java:1060)
at org.apache.maven.surefire.testng.TestNGExecutor.run(TestNGExecutor.java:155)
at org.apache.maven.surefire.testng.TestNGDirectoryTestSuite.executeMulti(TestNGDirectoryTestSuite.java:169)
at org.apache.maven.surefire.testng.TestNGDirectoryTestSuite.execute(TestNGDirectoryTestSuite.java:88)
at org.apache.maven.surefire.testng.TestNGProvider.invoke(TestNGProvider.java:137)
at org.apache.maven.surefire.booter.ForkedBooter.runSuitesInProcess(ForkedBooter.java:385)
at org.apache.maven.surefire.booter.ForkedBooter.execute(ForkedBooter.java:162)
at org.apache.maven.surefire.booter.ForkedBooter.run(ForkedBooter.java:507)
at org.apache.maven.surefire.booter.ForkedBooter.main(ForkedBooter.java:495)
]]>
    </error>
  </testcase> <!-- openUrl -->
  <system-out/>
  <testcase classname="testCases.TestCases" name="locationInput" time="0.000">
    <skipped/>
  </testcase> <!-- locationInput -->
  <system-out/>
  <testcase classname="testCases.TestCases" name="searchCarWashService" time="0.000">
    <skipped/>
  </testcase> <!-- searchCarWashService -->
  <system-out/>
  <testcase classname="testCases.TestCases" name="getCarWashingServiceandPhone" time="0.000">
    <skipped/>
  </testcase> <!-- getCarWashingServiceandPhone -->
  <system-out/>
  <testcase classname="testCases.TestCases" name="freeListingValidation" time="0.000">
    <skipped/>
  </testcase> <!-- freeListingValidation -->
  <system-out/>
  <testcase classname="testCases.TestCases" name="getGymSubMenuList" time="0.000">
    <skipped/>
  </testcase> <!-- getGymSubMenuList -->
  <system-out/>
</testsuite> <!-- testCases.TestCases -->
